<?xml version="1.0" encoding="UTF-8"?>
<!-- Generated by org.testng.reporters.JUnitReportReporter -->
<testsuite skipped="0" hostname="DESKTOP-TMMMP52" name="SeleniumInstallation.SeleniumInstallation.seleniumDemoExample" tests="2" failures="0" timestamp="02 Aug 2019 21:28:09 GMT" time="22.262" errors="0">
  <testcase name="invalidLogin" time="11.051" classname="SeleniumInstallation.SeleniumInstallation.seleniumDemoExample"/>
  <testcase name="validCredentials" time="11.211" classname="SeleniumInstallation.SeleniumInstallation.seleniumDemoExample"/>
</testsuite> <!-- SeleniumInstallation.SeleniumInstallation.seleniumDemoExample -->
